<?xml version="1.0" encoding="UTF-8"?>
<!-- Generated by org.testng.reporters.JUnitReportReporter -->
<testsuite hostname="DESKTOP-B1RA2TN" failures="0" tests="4" name="org.example.EcomerceAppTestingWithSeparateTests" time="34.326" errors="0" timestamp="22 Aug 2022 16:53:54 GMT" skipped="0">
  <testcase classname="org.example.EcomerceAppTestingWithSeparateTests" name="formPageTest" time="12.525"/>
  <testcase classname="org.example.EcomerceAppTestingWithSeparateTests" name="formPageTest" time="8.857"/>
  <testcase classname="org.example.EcomerceAppTestingWithSeparateTests" name="productCatalogueTest" time="12.032"/>
  <testcase classname="org.example.EcomerceAppTestingWithSeparateTests" name="cartPageTest" time="0.912"/>
</testsuite> <!-- org.example.EcomerceAppTestingWithSeparateTests -->
