<?xml version="1.0" encoding="UTF-8"?>
<!-- Generated by org.testng.reporters.JUnitReportReporter -->
<testsuite hostname="DESKTOP-B1RA2TN" failures="0" tests="2" name="org.example.EcomerceAppTesting" time="46.631" errors="0" timestamp="22 Aug 2022 16:53:54 GMT" skipped="0">
  <testcase classname="org.example.EcomerceAppTesting" name="fillFormAndVerifyToast" time="21.418"/>
  <testcase classname="org.example.EcomerceAppTesting" name="fillFormAndVerifyToast" time="25.213"/>
</testsuite> <!-- org.example.EcomerceAppTesting -->
